#
# There is insufficient memory for the Java Runtime Environment to continue.
# Native memory allocation (malloc) failed to allocate 1179536 bytes for Chunk::new
# Possible reasons:
#   The system is out of physical RAM or swap space
#   The process is running with CompressedOops enabled, and the Java Heap may be blocking the growth of the native heap
# Possible solutions:
#   Reduce memory load on the system
#   Increase physical memory or swap space
#   Check if swap backing store is full
#   Decrease Java heap size (-Xmx/-Xms)
#   Decrease number of Java threads
#   Decrease Java thread stack sizes (-Xss)
#   Set larger code cache with -XX:ReservedCodeCacheSize=
#   JVM is running with Unscaled Compressed Oops mode in which the Java heap is
#     placed in the first 4GB address space. The Java Heap base address is the
#     maximum limit for the native heap growth. Please use -XX:HeapBaseMinAddress
#     to set the Java Heap base and to place the Java Heap above 4GB virtual address.
# This output file may be truncated or incomplete.
#
#  Out of Memory Error (./src/hotspot/share/memory/arena.cpp:197), pid=3300, tid=4960
#
# JRE version: OpenJDK Runtime Environment (11.0.8+10) (build 11.0.8+10-b944.6842174)
# Java VM: OpenJDK 64-Bit Server VM (11.0.8+10-b944.6842174, mixed mode, tiered, compressed oops, g1 gc, windows-amd64)
# No core dump will be written. Minidumps are not enabled by default on client versions of Windows
#

---------------  S U M M A R Y ------------

Command Line: org.jetbrains.kotlin.cli.jvm.K2JVMCompiler @D:\Kotlin\BaoMoiVMO\app\build\20210819_13780621696171907545.compiler.options

Host: Intel(R) Core(TM) i5-7300HQ CPU @ 2.50GHz, 4 cores, 7G,  Windows 10 , 64 bit Build 19041 (10.0.19041.1151)
Time: Thu Aug 19 03:10:51 2021 SE Asia Standard Time elapsed time: 10 seconds (0d 0h 0m 10s)

---------------  T H R E A D  ---------------

Current thread (0x00000271ebd05800):  JavaThread "C2 CompilerThread0" daemon [_thread_in_native, id=4960, stack(0x000000ae3ea00000,0x000000ae3eb00000)]


Current CompileTask:
C2:  10712 11453       4       org.jetbrains.kotlin.types.checker.ClassicTypeSystemContext$DefaultImpls::typeDepth (300 bytes)

Stack: [0x000000ae3ea00000,0x000000ae3eb00000]
Native frames: (J=compiled Java code, j=interpreted, Vv=VM code, C=native code)
V  [jvm.dll+0x5de50a]
V  [jvm.dll+0x7122f5]
V  [jvm.dll+0x71384d]
V  [jvm.dll+0x713f03]
V  [jvm.dll+0x23e728]
V  [jvm.dll+0xb899c]
V  [jvm.dll+0xb8e9c]
V  [jvm.dll+0x35024d]
V  [jvm.dll+0x193ebc]
V  [jvm.dll+0x1f780e]
V  [jvm.dll+0x1f68d4]
V  [jvm.dll+0x17f32c]
V  [jvm.dll+0x205047]
V  [jvm.dll+0x203891]
V  [jvm.dll+0x6dad3f]
V  [jvm.dll+0x6d3895]
V  [jvm.dll+0x5dd4a6]
C  [ucrtbase.dll+0x21bb2]
C  [KERNEL32.DLL+0x17034]
C  [ntdll.dll+0x52651]


---------------  P R O C E S S  ---------------

Threads class SMR info:
_java_thread_list=0x00000271d13c0b40, length=11, elements={
0x00000271d13a9800, 0x00000271eb4e9800, 0x00000271eb4f1800, 0x00000271ebd02800,
0x00000271ebd04800, 0x00000271ebd05800, 0x00000271ebd0b000, 0x00000271ebd14000,
0x00000271ebe53000, 0x00000271ebeaf000, 0x00000271ebf20000
}

Java Threads: ( => current thread )
  0x00000271d13a9800 JavaThread "main" [_thread_in_Java, id=11972, stack(0x000000ae3df00000,0x000000ae3e000000)]
  0x00000271eb4e9800 JavaThread "Reference Handler" daemon [_thread_blocked, id=13740, stack(0x000000ae3e600000,0x000000ae3e700000)]
  0x00000271eb4f1800 JavaThread "Finalizer" daemon [_thread_blocked, id=15356, stack(0x000000ae3e700000,0x000000ae3e800000)]
  0x00000271ebd02800 JavaThread "Signal Dispatcher" daemon [_thread_blocked, id=7288, stack(0x000000ae3e800000,0x000000ae3e900000)]
  0x00000271ebd04800 JavaThread "Attach Listener" daemon [_thread_blocked, id=14224, stack(0x000000ae3e900000,0x000000ae3ea00000)]
=>0x00000271ebd05800 JavaThread "C2 CompilerThread0" daemon [_thread_in_native, id=4960, stack(0x000000ae3ea00000,0x000000ae3eb00000)]
  0x00000271ebd0b000 JavaThread "C1 CompilerThread0" daemon [_thread_blocked, id=12784, stack(0x000000ae3eb00000,0x000000ae3ec00000)]
  0x00000271ebd14000 JavaThread "Sweeper thread" daemon [_thread_blocked, id=11012, stack(0x000000ae3ec00000,0x000000ae3ed00000)]
  0x00000271ebe53000 JavaThread "Service Thread" daemon [_thread_blocked, id=12792, stack(0x000000ae3ed00000,0x000000ae3ee00000)]
  0x00000271ebeaf000 JavaThread "Common-Cleaner" daemon [_thread_blocked, id=9864, stack(0x000000ae3ef00000,0x000000ae3f000000)]
  0x00000271ebf20000 JavaThread "C2 CompilerThread1" daemon [_thread_in_native, id=9076, stack(0x000000ae3f000000,0x000000ae3f100000)]

Other Threads:
  0x00000271eb491000 VMThread "VM Thread" [stack: 0x000000ae3e500000,0x000000ae3e600000] [id=12472]
  0x00000271ebe54800 WatcherThread [stack: 0x000000ae3ee00000,0x000000ae3ef00000] [id=428]
  0x00000271d13c1800 GCTaskThread "GC Thread#0" [stack: 0x000000ae3e000000,0x000000ae3e100000] [id=10156]
  0x00000271ec0e2000 GCTaskThread "GC Thread#1" [stack: 0x000000ae3f100000,0x000000ae3f200000] [id=5208]
  0x00000271ec4ac800 GCTaskThread "GC Thread#2" [stack: 0x000000ae3f200000,0x000000ae3f300000] [id=10856]
  0x00000271f147a000 GCTaskThread "GC Thread#3" [stack: 0x000000ae3f400000,0x000000ae3f500000] [id=9196]
  0x00000271d13f0800 ConcurrentGCThread "G1 Main Marker" [stack: 0x000000ae3e100000,0x000000ae3e200000] [id=8380]
  0x00000271d13f4000 ConcurrentGCThread "G1 Conc#0" [stack: 0x000000ae3e200000,0x000000ae3e300000] [id=7040]
  0x00000271d1488000 ConcurrentGCThread "G1 Refine#0" [stack: 0x000000ae3e300000,0x000000ae3e400000] [id=2768]
  0x00000271ef49f800 ConcurrentGCThread "G1 Refine#1" [stack: 0x000000ae3f300000,0x000000ae3f400000] [id=7584]
  0x00000271d1489800 ConcurrentGCThread "G1 Young RemSet Sampling" [stack: 0x000000ae3e400000,0x000000ae3e500000] [id=9044]

Threads with active compile tasks:
C2 CompilerThread0  10730 11453       4       org.jetbrains.kotlin.types.checker.ClassicTypeSystemContext$DefaultImpls::typeDepth (300 bytes)
C2 CompilerThread1  10730 11623       4       org.jetbrains.kotlin.backend.common.serialization.mangle.descriptor.DescriptorMangleComputer::mangleSimpleDeclaration (74 bytes)

VM state:not at safepoint (normal execution)

VM Mutex/Monitor currently owned by a thread: None

Heap address: 0x0000000081c00000, size: 2020 MB, Compressed Oops mode: 32-bit
Narrow klass base: 0x0000000000000000, Narrow klass shift: 3
Compressed class space size: 1073741824 Address: 0x0000000100000000

Heap:
 garbage-first heap   total 193536K, used 90845K [0x0000000081c00000, 0x0000000100000000)
  region size 1024K, 26 young (26624K), 5 survivors (5120K)
 Metaspace       used 71019K, capacity 71770K, committed 71848K, reserved 1114112K
  class space    used 7666K, capacity 7948K, committed 8008K, reserved 1048576K
Heap Regions: E=young(eden), S=young(survivor), O=old, HS=humongous(starts), HC=humongous(continues), CS=collection set, F=free, A=archive, TAMS=top-at-mark-start (previous, next)
|   0|0x0000000081c00000, 0x0000000081d00000, 0x0000000081d00000|100%|HS|  |TAMS 0x0000000081d00000, 0x0000000081c00000| Complete 
|   1|0x0000000081d00000, 0x0000000081e00000, 0x0000000081e00000|100%|HC|  |TAMS 0x0000000081e00000, 0x0000000081d00000| Complete 
|   2|0x0000000081e00000, 0x0000000081f00000, 0x0000000081f00000|100%|HC|  |TAMS 0x0000000081f00000, 0x0000000081e00000| Complete 
|   3|0x0000000081f00000, 0x0000000082000000, 0x0000000082000000|100%| O|  |TAMS 0x0000000082000000, 0x0000000081f00000| Untracked 
|   4|0x0000000082000000, 0x0000000082100000, 0x0000000082100000|100%| O|  |TAMS 0x0000000082100000, 0x0000000082000000| Untracked 
|   5|0x0000000082100000, 0x0000000082200000, 0x0000000082200000|100%|HS|  |TAMS 0x0000000082200000, 0x0000000082100000| Complete 
|   6|0x0000000082200000, 0x0000000082300000, 0x0000000082300000|100%|HC|  |TAMS 0x0000000082300000, 0x0000000082200000| Complete 
|   7|0x0000000082300000, 0x0000000082400000, 0x0000000082400000|100%|HC|  |TAMS 0x0000000082400000, 0x0000000082300000| Complete 
|   8|0x0000000082400000, 0x0000000082500000, 0x0000000082500000|100%|HS|  |TAMS 0x0000000082500000, 0x0000000082400000| Complete 
|   9|0x0000000082500000, 0x0000000082600000, 0x0000000082600000|100%|HC|  |TAMS 0x0000000082600000, 0x0000000082500000| Complete 
|  10|0x0000000082600000, 0x0000000082700000, 0x0000000082700000|100%|HC|  |TAMS 0x0000000082700000, 0x0000000082600000| Complete 
|  11|0x0000000082700000, 0x0000000082800000, 0x0000000082800000|100%|HS|  |TAMS 0x0000000082800000, 0x0000000082700000| Complete 
|  12|0x0000000082800000, 0x0000000082900000, 0x0000000082900000|100%|HC|  |TAMS 0x0000000082900000, 0x0000000082800000| Complete 
|  13|0x0000000082900000, 0x0000000082a00000, 0x0000000082a00000|100%| O|  |TAMS 0x0000000082a00000, 0x0000000082900000| Untracked 
|  14|0x0000000082a00000, 0x0000000082b00000, 0x0000000082b00000|100%| O|  |TAMS 0x0000000082b00000, 0x0000000082a00000| Untracked 
|  15|0x0000000082b00000, 0x0000000082c00000, 0x0000000082c00000|100%| O|  |TAMS 0x0000000082c00000, 0x0000000082b00000| Untracked 
|  16|0x0000000082c00000, 0x0000000082d00000, 0x0000000082d00000|100%| O|  |TAMS 0x0000000082d00000, 0x0000000082c00000| Untracked 
|  17|0x0000000082d00000, 0x0000000082e00000, 0x0000000082e00000|100%| O|  |TAMS 0x0000000082e00000, 0x0000000082d00000| Untracked 
|  18|0x0000000082e00000, 0x0000000082f00000, 0x0000000082f00000|100%| O|  |TAMS 0x0000000082f00000, 0x0000000082e00000| Untracked 
|  19|0x0000000082f00000, 0x0000000083000000, 0x0000000083000000|100%| O|  |TAMS 0x0000000083000000, 0x0000000082f00000| Untracked 
|  20|0x0000000083000000, 0x0000000083100000, 0x0000000083100000|100%| O|  |TAMS 0x0000000083100000, 0x0000000083000000| Untracked 
|  21|0x0000000083100000, 0x0000000083200000, 0x0000000083200000|100%| O|  |TAMS 0x0000000083200000, 0x0000000083100000| Untracked 
|  22|0x0000000083200000, 0x0000000083300000, 0x0000000083300000|100%| O|  |TAMS 0x0000000083300000, 0x0000000083200000| Untracked 
|  23|0x0000000083300000, 0x0000000083400000, 0x0000000083400000|100%| O|  |TAMS 0x0000000083400000, 0x0000000083300000| Untracked 
|  24|0x0000000083400000, 0x0000000083500000, 0x0000000083500000|100%| O|  |TAMS 0x0000000083500000, 0x0000000083400000| Untracked 
|  25|0x0000000083500000, 0x0000000083600000, 0x0000000083600000|100%| O|  |TAMS 0x0000000083600000, 0x0000000083500000| Untracked 
|  26|0x0000000083600000, 0x0000000083700000, 0x0000000083700000|100%| O|  |TAMS 0x0000000083700000, 0x0000000083600000| Untracked 
|  27|0x0000000083700000, 0x0000000083800000, 0x0000000083800000|100%| O|  |TAMS 0x0000000083800000, 0x0000000083700000| Untracked 
|  28|0x0000000083800000, 0x0000000083900000, 0x0000000083900000|100%| O|  |TAMS 0x0000000083900000, 0x0000000083800000| Untracked 
|  29|0x0000000083900000, 0x0000000083a00000, 0x0000000083a00000|100%| O|  |TAMS 0x0000000083a00000, 0x0000000083900000| Untracked 
|  30|0x0000000083a00000, 0x0000000083b00000, 0x0000000083b00000|100%| O|  |TAMS 0x0000000083b00000, 0x0000000083a00000| Untracked 
|  31|0x0000000083b00000, 0x0000000083c00000, 0x0000000083c00000|100%| O|  |TAMS 0x0000000083c00000, 0x0000000083b00000| Untracked 
|  32|0x0000000083c00000, 0x0000000083d00000, 0x0000000083d00000|100%| O|  |TAMS 0x0000000083d00000, 0x0000000083c00000| Untracked 
|  33|0x0000000083d00000, 0x0000000083e00000, 0x0000000083e00000|100%| O|  |TAMS 0x0000000083e00000, 0x0000000083d00000| Untracked 
|  34|0x0000000083e00000, 0x0000000083f00000, 0x0000000083f00000|100%| O|  |TAMS 0x0000000083f00000, 0x0000000083e00000| Untracked 
|  35|0x0000000083f00000, 0x0000000084000000, 0x0000000084000000|100%| O|  |TAMS 0x0000000084000000, 0x0000000083f00000| Untracked 
|  36|0x0000000084000000, 0x0000000084100000, 0x0000000084100000|100%| O|  |TAMS 0x0000000084100000, 0x0000000084000000| Untracked 
|  37|0x0000000084100000, 0x0000000084200000, 0x0000000084200000|100%| O|  |TAMS 0x0000000084200000, 0x0000000084100000| Untracked 
|  38|0x0000000084200000, 0x0000000084300000, 0x0000000084300000|100%| O|  |TAMS 0x0000000084300000, 0x0000000084200000| Untracked 
|  39|0x0000000084300000, 0x0000000084400000, 0x0000000084400000|100%| O|  |TAMS 0x0000000084400000, 0x0000000084300000| Untracked 
|  40|0x0000000084400000, 0x0000000084500000, 0x0000000084500000|100%| O|  |TAMS 0x0000000084500000, 0x0000000084400000| Untracked 
|  41|0x0000000084500000, 0x0000000084600000, 0x0000000084600000|100%| O|  |TAMS 0x0000000084600000, 0x0000000084500000| Untracked 
|  42|0x0000000084600000, 0x0000000084700000, 0x0000000084700000|100%| O|  |TAMS 0x0000000084700000, 0x0000000084600000| Untracked 
|  43|0x0000000084700000, 0x0000000084800000, 0x0000000084800000|100%| O|  |TAMS 0x0000000084800000, 0x0000000084700000| Untracked 
|  44|0x0000000084800000, 0x0000000084900000, 0x0000000084900000|100%| O|  |TAMS 0x0000000084900000, 0x0000000084800000| Untracked 
|  45|0x0000000084900000, 0x0000000084a00000, 0x0000000084a00000|100%| O|  |TAMS 0x0000000084a00000, 0x0000000084900000| Untracked 
|  46|0x0000000084a00000, 0x0000000084b00000, 0x0000000084b00000|100%| O|  |TAMS 0x0000000084b00000, 0x0000000084a00000| Untracked 
|  47|0x0000000084b00000, 0x0000000084c00000, 0x0000000084c00000|100%| O|  |TAMS 0x0000000084c00000, 0x0000000084b00000| Untracked 
|  48|0x0000000084c00000, 0x0000000084d00000, 0x0000000084d00000|100%| O|  |TAMS 0x0000000084c74800, 0x0000000084c00000| Untracked 
|  49|0x0000000084d00000, 0x0000000084e00000, 0x0000000084e00000|100%| O|  |TAMS 0x0000000084d00000, 0x0000000084d00000| Untracked 
|  50|0x0000000084e00000, 0x0000000084f00000, 0x0000000084f00000|100%| O|  |TAMS 0x0000000084e00000, 0x0000000084e00000| Untracked 
|  51|0x0000000084f00000, 0x0000000085000000, 0x0000000085000000|100%| O|  |TAMS 0x0000000084f00000, 0x0000000084f00000| Untracked 
|  52|0x0000000085000000, 0x0000000085100000, 0x0000000085100000|100%| O|  |TAMS 0x0000000085000000, 0x0000000085000000| Untracked 
|  53|0x0000000085100000, 0x0000000085200000, 0x0000000085200000|100%| O|  |TAMS 0x0000000085100000, 0x0000000085100000| Untracked 
|  54|0x0000000085200000, 0x0000000085300000, 0x0000000085300000|100%| O|  |TAMS 0x0000000085200000, 0x0000000085200000| Untracked 
|  55|0x0000000085300000, 0x0000000085400000, 0x0000000085400000|100%| O|  |TAMS 0x0000000085300000, 0x0000000085300000| Untracked 
|  56|0x0000000085400000, 0x0000000085500000, 0x0000000085500000|100%| O|  |TAMS 0x0000000085400000, 0x0000000085400000| Untracked 
|  57|0x0000000085500000, 0x0000000085600000, 0x0000000085600000|100%| O|  |TAMS 0x0000000085500000, 0x0000000085500000| Untracked 
|  58|0x0000000085600000, 0x0000000085700000, 0x0000000085700000|100%| O|  |TAMS 0x0000000085600000, 0x0000000085600000| Untracked 
|  59|0x0000000085700000, 0x0000000085800000, 0x0000000085800000|100%| O|  |TAMS 0x0000000085700000, 0x0000000085700000| Untracked 
|  60|0x0000000085800000, 0x0000000085900000, 0x0000000085900000|100%| O|  |TAMS 0x0000000085800000, 0x0000000085800000| Untracked 
|  61|0x0000000085900000, 0x0000000085a00000, 0x0000000085a00000|100%| O|  |TAMS 0x0000000085900000, 0x0000000085900000| Untracked 
|  62|0x0000000085a00000, 0x0000000085b00000, 0x0000000085b00000|100%| O|  |TAMS 0x0000000085a00000, 0x0000000085a00000| Untracked 
|  63|0x0000000085b00000, 0x0000000085bb7600, 0x0000000085c00000| 71%| O|  |TAMS 0x0000000085b00000, 0x0000000085b00000| Untracked 
|  64|0x0000000085c00000, 0x0000000085c00000, 0x0000000085d00000|  0%| F|  |TAMS 0x0000000085c00000, 0x0000000085c00000| Untracked 
|  65|0x0000000085d00000, 0x0000000085d00000, 0x0000000085e00000|  0%| F|  |TAMS 0x0000000085d00000, 0x0000000085d00000| Untracked 
|  66|0x0000000085e00000, 0x0000000085e00000, 0x0000000085f00000|  0%| F|  |TAMS 0x0000000085e00000, 0x0000000085e00000| Untracked 
|  67|0x0000000085f00000, 0x0000000085f00000, 0x0000000086000000|  0%| F|  |TAMS 0x0000000085f00000, 0x0000000085f00000| Untracked 
|  68|0x0000000086000000, 0x0000000086000000, 0x0000000086100000|  0%| F|  |TAMS 0x0000000086000000, 0x0000000086000000| Untracked 
|  69|0x0000000086100000, 0x0000000086100000, 0x0000000086200000|  0%| F|  |TAMS 0x0000000086100000, 0x0000000086100000| Untracked 
|  70|0x0000000086200000, 0x0000000086200000, 0x0000000086300000|  0%| F|  |TAMS 0x0000000086200000, 0x0000000086200000| Untracked 
|  71|0x0000000086300000, 0x0000000086300000, 0x0000000086400000|  0%| F|  |TAMS 0x0000000086300000, 0x0000000086300000| Untracked 
|  72|0x0000000086400000, 0x0000000086400000, 0x0000000086500000|  0%| F|  |TAMS 0x0000000086400000, 0x0000000086400000| Untracked 
|  73|0x0000000086500000, 0x0000000086500000, 0x0000000086600000|  0%| F|  |TAMS 0x0000000086500000, 0x0000000086500000| Untracked 
|  74|0x0000000086600000, 0x0000000086600000, 0x0000000086700000|  0%| F|  |TAMS 0x0000000086600000, 0x0000000086600000| Untracked 
|  75|0x0000000086700000, 0x0000000086700000, 0x0000000086800000|  0%| F|  |TAMS 0x0000000086700000, 0x0000000086700000| Untracked 
|  76|0x0000000086800000, 0x0000000086800000, 0x0000000086900000|  0%| F|  |TAMS 0x0000000086800000, 0x0000000086800000| Untracked 
|  77|0x0000000086900000, 0x0000000086900000, 0x0000000086a00000|  0%| F|  |TAMS 0x0000000086900000, 0x0000000086900000| Untracked 
|  78|0x0000000086a00000, 0x0000000086a00000, 0x0000000086b00000|  0%| F|  |TAMS 0x0000000086a00000, 0x0000000086a00000| Untracked 
|  79|0x0000000086b00000, 0x0000000086b00000, 0x0000000086c00000|  0%| F|  |TAMS 0x0000000086b00000, 0x0000000086b00000| Untracked 
|  80|0x0000000086c00000, 0x0000000086c00000, 0x0000000086d00000|  0%| F|  |TAMS 0x0000000086c00000, 0x0000000086c00000| Untracked 
|  81|0x0000000086d00000, 0x0000000086d00000, 0x0000000086e00000|  0%| F|  |TAMS 0x0000000086d00000, 0x0000000086d00000| Untracked 
|  82|0x0000000086e00000, 0x0000000086e00000, 0x0000000086f00000|  0%| F|  |TAMS 0x0000000086e00000, 0x0000000086e00000| Untracked 
|  83|0x0000000086f00000, 0x0000000086f00000, 0x0000000087000000|  0%| F|  |TAMS 0x0000000086f00000, 0x0000000086f00000| Untracked 
|  84|0x0000000087000000, 0x0000000087000000, 0x0000000087100000|  0%| F|  |TAMS 0x0000000087000000, 0x0000000087000000| Untracked 
|  85|0x0000000087100000, 0x0000000087100000, 0x0000000087200000|  0%| F|  |TAMS 0x0000000087100000, 0x0000000087100000| Untracked 
|  86|0x0000000087200000, 0x0000000087200000, 0x0000000087300000|  0%| F|  |TAMS 0x0000000087200000, 0x0000000087200000| Untracked 
|  87|0x0000000087300000, 0x0000000087300000, 0x0000000087400000|  0%| F|  |TAMS 0x0000000087300000, 0x0000000087300000| Untracked 
|  88|0x0000000087400000, 0x0000000087400000, 0x0000000087500000|  0%| F|  |TAMS 0x0000000087400000, 0x0000000087400000| Untracked 
|  89|0x0000000087500000, 0x0000000087500000, 0x0000000087600000|  0%| F|  |TAMS 0x0000000087500000, 0x0000000087500000| Untracked 
|  90|0x0000000087600000, 0x0000000087600000, 0x0000000087700000|  0%| F|  |TAMS 0x0000000087600000, 0x0000000087600000| Untracked 
|  91|0x0000000087700000, 0x0000000087700000, 0x0000000087800000|  0%| F|  |TAMS 0x0000000087700000, 0x0000000087700000| Untracked 
|  92|0x0000000087800000, 0x0000000087800000, 0x0000000087900000|  0%| F|  |TAMS 0x0000000087800000, 0x0000000087800000| Untracked 
|  93|0x0000000087900000, 0x0000000087900000, 0x0000000087a00000|  0%| F|  |TAMS 0x0000000087900000, 0x0000000087900000| Untracked 
|  94|0x0000000087a00000, 0x0000000087a00000, 0x0000000087b00000|  0%| F|  |TAMS 0x0000000087a00000, 0x0000000087a00000| Untracked 
|  95|0x0000000087b00000, 0x0000000087b00000, 0x0000000087c00000|  0%| F|  |TAMS 0x0000000087b00000, 0x0000000087b00000| Untracked 
|  96|0x0000000087c00000, 0x0000000087c00000, 0x0000000087d00000|  0%| F|  |TAMS 0x0000000087c00000, 0x0000000087c00000| Untracked 
|  97|0x0000000087d00000, 0x0000000087d00000, 0x0000000087e00000|  0%| F|  |TAMS 0x0000000087d00000, 0x0000000087d00000| Untracked 
|  98|0x0000000087e00000, 0x0000000087e00000, 0x0000000087f00000|  0%| F|  |TAMS 0x0000000087e00000, 0x0000000087e00000| Untracked 
|  99|0x0000000087f00000, 0x0000000087f00000, 0x0000000088000000|  0%| F|  |TAMS 0x0000000087f00000, 0x0000000087f00000| Untracked 
| 100|0x0000000088000000, 0x0000000088000000, 0x0000000088100000|  0%| F|  |TAMS 0x0000000088000000, 0x0000000088000000| Untracked 
| 101|0x0000000088100000, 0x0000000088100000, 0x0000000088200000|  0%| F|  |TAMS 0x0000000088100000, 0x0000000088100000| Untracked 
| 102|0x0000000088200000, 0x0000000088200000, 0x0000000088300000|  0%| F|  |TAMS 0x0000000088200000, 0x0000000088200000| Untracked 
| 103|0x0000000088300000, 0x0000000088300000, 0x0000000088400000|  0%| F|  |TAMS 0x0000000088300000, 0x0000000088300000| Untracked 
| 104|0x0000000088400000, 0x0000000088400000, 0x0000000088500000|  0%| F|  |TAMS 0x0000000088400000, 0x0000000088400000| Untracked 
| 105|0x0000000088500000, 0x0000000088500000, 0x0000000088600000|  0%| F|  |TAMS 0x0000000088500000, 0x0000000088500000| Untracked 
| 106|0x0000000088600000, 0x0000000088600000, 0x0000000088700000|  0%| F|  |TAMS 0x0000000088600000, 0x0000000088600000| Untracked 
| 107|0x0000000088700000, 0x0000000088700000, 0x0000000088800000|  0%| F|  |TAMS 0x0000000088700000, 0x0000000088700000| Untracked 
| 108|0x0000000088800000, 0x0000000088800000, 0x0000000088900000|  0%| F|  |TAMS 0x0000000088800000, 0x0000000088800000| Untracked 
| 109|0x0000000088900000, 0x0000000088900000, 0x0000000088a00000|  0%| F|  |TAMS 0x0000000088900000, 0x0000000088900000| Untracked 
| 110|0x0000000088a00000, 0x0000000088a00000, 0x0000000088b00000|  0%| F|  |TAMS 0x0000000088a00000, 0x0000000088a00000| Untracked 
| 111|0x0000000088b00000, 0x0000000088b00000, 0x0000000088c00000|  0%| F|  |TAMS 0x0000000088b00000, 0x0000000088b00000| Untracked 
| 112|0x0000000088c00000, 0x0000000088c00000, 0x0000000088d00000|  0%| F|  |TAMS 0x0000000088c00000, 0x0000000088c00000| Untracked 
| 113|0x0000000088d00000, 0x0000000088d00000, 0x0000000088e00000|  0%| F|  |TAMS 0x0000000088d00000, 0x0000000088d00000| Untracked 
| 114|0x0000000088e00000, 0x0000000088e00000, 0x0000000088f00000|  0%| F|  |TAMS 0x0000000088e00000, 0x0000000088e00000| Untracked 
| 115|0x0000000088f00000, 0x0000000088f00000, 0x0000000089000000|  0%| F|  |TAMS 0x0000000088f00000, 0x0000000088f00000| Untracked 
| 116|0x0000000089000000, 0x0000000089000000, 0x0000000089100000|  0%| F|  |TAMS 0x0000000089000000, 0x0000000089000000| Untracked 
| 117|0x0000000089100000, 0x0000000089100000, 0x0000000089200000|  0%| F|  |TAMS 0x0000000089100000, 0x0000000089100000| Untracked 
| 118|0x0000000089200000, 0x0000000089200000, 0x0000000089300000|  0%| F|  |TAMS 0x0000000089200000, 0x0000000089200000| Untracked 
| 119|0x0000000089300000, 0x0000000089300000, 0x0000000089400000|  0%| F|  |TAMS 0x0000000089300000, 0x0000000089300000| Untracked 
| 120|0x0000000089400000, 0x0000000089500000, 0x0000000089500000|100%| S|CS|TAMS 0x0000000089400000, 0x0000000089400000| Complete 
| 121|0x0000000089500000, 0x0000000089600000, 0x0000000089600000|100%| S|CS|TAMS 0x0000000089500000, 0x0000000089500000| Complete 
| 122|0x0000000089600000, 0x0000000089700000, 0x0000000089700000|100%| S|CS|TAMS 0x0000000089600000, 0x0000000089600000| Complete 
| 123|0x0000000089700000, 0x0000000089800000, 0x0000000089800000|100%| S|CS|TAMS 0x0000000089700000, 0x0000000089700000| Complete 
| 124|0x0000000089800000, 0x0000000089900000, 0x0000000089900000|100%| S|CS|TAMS 0x0000000089800000, 0x0000000089800000| Complete 
| 125|0x0000000089900000, 0x0000000089900000, 0x0000000089a00000|  0%| F|  |TAMS 0x0000000089900000, 0x0000000089900000| Untracked 
| 126|0x0000000089a00000, 0x0000000089a00000, 0x0000000089b00000|  0%| F|  |TAMS 0x0000000089a00000, 0x0000000089a00000| Untracked 
| 127|0x0000000089b00000, 0x0000000089b00000, 0x0000000089c00000|  0%| F|  |TAMS 0x0000000089b00000, 0x0000000089b00000| Untracked 
| 128|0x0000000089c00000, 0x0000000089c00000, 0x0000000089d00000|  0%| F|  |TAMS 0x0000000089c00000, 0x0000000089c00000| Untracked 
| 129|0x0000000089d00000, 0x0000000089d00000, 0x0000000089e00000|  0%| F|  |TAMS 0x0000000089d00000, 0x0000000089d00000| Untracked 
| 130|0x0000000089e00000, 0x0000000089e00000, 0x0000000089f00000|  0%| F|  |TAMS 0x0000000089e00000, 0x0000000089e00000| Untracked 
| 131|0x0000000089f00000, 0x0000000089f00000, 0x000000008a000000|  0%| F|  |TAMS 0x0000000089f00000, 0x0000000089f00000| Untracked 
| 132|0x000000008a000000, 0x000000008a000000, 0x000000008a100000|  0%| F|  |TAMS 0x000000008a000000, 0x000000008a000000| Untracked 
| 133|0x000000008a100000, 0x000000008a100000, 0x000000008a200000|  0%| F|  |TAMS 0x000000008a100000, 0x000000008a100000| Untracked 
| 134|0x000000008a200000, 0x000000008a200000, 0x000000008a300000|  0%| F|  |TAMS 0x000000008a200000, 0x000000008a200000| Untracked 
| 135|0x000000008a300000, 0x000000008a300000, 0x000000008a400000|  0%| F|  |TAMS 0x000000008a300000, 0x000000008a300000| Untracked 
| 136|0x000000008a400000, 0x000000008a400000, 0x000000008a500000|  0%| F|  |TAMS 0x000000008a400000, 0x000000008a400000| Untracked 
| 137|0x000000008a500000, 0x000000008a500000, 0x000000008a600000|  0%| F|  |TAMS 0x000000008a500000, 0x000000008a500000| Untracked 
| 138|0x000000008a600000, 0x000000008a600000, 0x000000008a700000|  0%| F|  |TAMS 0x000000008a600000, 0x000000008a600000| Untracked 
| 139|0x000000008a700000, 0x000000008a700000, 0x000000008a800000|  0%| F|  |TAMS 0x000000008a700000, 0x000000008a700000| Untracked 
| 140|0x000000008a800000, 0x000000008a800000, 0x000000008a900000|  0%| F|  |TAMS 0x000000008a800000, 0x000000008a800000| Untracked 
| 141|0x000000008a900000, 0x000000008a900000, 0x000000008aa00000|  0%| F|  |TAMS 0x000000008a900000, 0x000000008a900000| Untracked 
| 142|0x000000008aa00000, 0x000000008aa00000, 0x000000008ab00000|  0%| F|  |TAMS 0x000000008aa00000, 0x000000008aa00000| Untracked 
| 143|0x000000008ab00000, 0x000000008ab00000, 0x000000008ac00000|  0%| F|  |TAMS 0x000000008ab00000, 0x000000008ab00000| Untracked 
| 144|0x000000008ac00000, 0x000000008ac00000, 0x000000008ad00000|  0%| F|  |TAMS 0x000000008ac00000, 0x000000008ac00000| Untracked 
| 145|0x000000008ad00000, 0x000000008ad00000, 0x000000008ae00000|  0%| F|  |TAMS 0x000000008ad00000, 0x000000008ad00000| Untracked 
| 146|0x000000008ae00000, 0x000000008ae00000, 0x000000008af00000|  0%| F|  |TAMS 0x000000008ae00000, 0x000000008ae00000| Untracked 
| 147|0x000000008af00000, 0x000000008af00000, 0x000000008b000000|  0%| F|  |TAMS 0x000000008af00000, 0x000000008af00000| Untracked 
| 148|0x000000008b000000, 0x000000008b000000, 0x000000008b100000|  0%| F|  |TAMS 0x000000008b000000, 0x000000008b000000| Untracked 
| 149|0x000000008b100000, 0x000000008b100000, 0x000000008b200000|  0%| F|  |TAMS 0x000000008b100000, 0x000000008b100000| Untracked 
| 150|0x000000008b200000, 0x000000008b200000, 0x000000008b300000|  0%| F|  |TAMS 0x000000008b200000, 0x000000008b200000| Untracked 
| 151|0x000000008b300000, 0x000000008b300000, 0x000000008b400000|  0%| F|  |TAMS 0x000000008b300000, 0x000000008b300000| Untracked 
| 152|0x000000008b400000, 0x000000008b400000, 0x000000008b500000|  0%| F|  |TAMS 0x000000008b400000, 0x000000008b400000| Untracked 
| 153|0x000000008b500000, 0x000000008b500000, 0x000000008b600000|  0%| F|  |TAMS 0x000000008b500000, 0x000000008b500000| Untracked 
| 154|0x000000008b600000, 0x000000008b600000, 0x000000008b700000|  0%| F|  |TAMS 0x000000008b600000, 0x000000008b600000| Untracked 
| 155|0x000000008b700000, 0x000000008b700000, 0x000000008b800000|  0%| F|  |TAMS 0x000000008b700000, 0x000000008b700000| Untracked 
| 156|0x000000008b800000, 0x000000008b800000, 0x000000008b900000|  0%| F|  |TAMS 0x000000008b800000, 0x000000008b800000| Untracked 
| 157|0x000000008b900000, 0x000000008b900000, 0x000000008ba00000|  0%| F|  |TAMS 0x000000008b900000, 0x000000008b900000| Untracked 
| 158|0x000000008ba00000, 0x000000008ba00000, 0x000000008bb00000|  0%| F|  |TAMS 0x000000008ba00000, 0x000000008ba00000| Untracked 
| 159|0x000000008bb00000, 0x000000008bb00000, 0x000000008bc00000|  0%| F|  |TAMS 0x000000008bb00000, 0x000000008bb00000| Untracked 
| 160|0x000000008bc00000, 0x000000008bc00000, 0x000000008bd00000|  0%| F|  |TAMS 0x000000008bc00000, 0x000000008bc00000| Untracked 
| 161|0x000000008bd00000, 0x000000008bd00000, 0x000000008be00000|  0%| F|  |TAMS 0x000000008bd00000, 0x000000008bd00000| Untracked 
| 162|0x000000008be00000, 0x000000008be00000, 0x000000008bf00000|  0%| F|  |TAMS 0x000000008be00000, 0x000000008be00000| Untracked 
| 163|0x000000008bf00000, 0x000000008bf00000, 0x000000008c000000|  0%| F|  |TAMS 0x000000008bf00000, 0x000000008bf00000| Untracked 
| 164|0x000000008c000000, 0x000000008c000000, 0x000000008c100000|  0%| F|  |TAMS 0x000000008c000000, 0x000000008c000000| Untracked 
| 165|0x000000008c100000, 0x000000008c100000, 0x000000008c200000|  0%| F|  |TAMS 0x000000008c100000, 0x000000008c100000| Untracked 
| 166|0x000000008c200000, 0x000000008c200000, 0x000000008c300000|  0%| F|  |TAMS 0x000000008c200000, 0x000000008c200000| Untracked 
| 167|0x000000008c300000, 0x000000008c380800, 0x000000008c400000| 50%| E|  |TAMS 0x000000008c300000, 0x000000008c300000| Complete 
| 168|0x000000008c400000, 0x000000008c500000, 0x000000008c500000|100%| E|CS|TAMS 0x000000008c400000, 0x000000008c400000| Complete 
| 169|0x000000008c500000, 0x000000008c600000, 0x000000008c600000|100%| E|CS|TAMS 0x000000008c500000, 0x000000008c500000| Complete 
| 170|0x000000008c600000, 0x000000008c700000, 0x000000008c700000|100%| E|CS|TAMS 0x000000008c600000, 0x000000008c600000| Complete 
| 171|0x000000008c700000, 0x000000008c800000, 0x000000008c800000|100%| E|CS|TAMS 0x000000008c700000, 0x000000008c700000| Complete 
| 172|0x000000008c800000, 0x000000008c900000, 0x000000008c900000|100%| E|CS|TAMS 0x000000008c800000, 0x000000008c800000| Complete 
| 173|0x000000008c900000, 0x000000008ca00000, 0x000000008ca00000|100%| E|CS|TAMS 0x000000008c900000, 0x000000008c900000| Complete 
| 174|0x000000008ca00000, 0x000000008cb00000, 0x000000008cb00000|100%| E|CS|TAMS 0x000000008ca00000, 0x000000008ca00000| Complete 
| 175|0x000000008cb00000, 0x000000008cc00000, 0x000000008cc00000|100%| E|CS|TAMS 0x000000008cb00000, 0x000000008cb00000| Complete 
| 176|0x000000008cc00000, 0x000000008cd00000, 0x000000008cd00000|100%| E|CS|TAMS 0x000000008cc00000, 0x000000008cc00000| Complete 
| 177|0x000000008cd00000, 0x000000008ce00000, 0x000000008ce00000|100%| E|CS|TAMS 0x000000008cd00000, 0x000000008cd00000| Complete 
| 178|0x000000008ce00000, 0x000000008cf00000, 0x000000008cf00000|100%| E|CS|TAMS 0x000000008ce00000, 0x000000008ce00000| Complete 
| 179|0x000000008cf00000, 0x000000008d000000, 0x000000008d000000|100%| E|CS|TAMS 0x000000008cf00000, 0x000000008cf00000| Complete 
| 180|0x000000008d000000, 0x000000008d100000, 0x000000008d100000|100%| E|CS|TAMS 0x000000008d000000, 0x000000008d000000| Complete 
| 181|0x000000008d100000, 0x000000008d200000, 0x000000008d200000|100%| E|CS|TAMS 0x000000008d100000, 0x000000008d100000| Complete 
| 182|0x000000008d200000, 0x000000008d300000, 0x000000008d300000|100%| E|CS|TAMS 0x000000008d200000, 0x000000008d200000| Complete 
| 183|0x000000008d300000, 0x000000008d400000, 0x000000008d400000|100%| E|CS|TAMS 0x000000008d300000, 0x000000008d300000| Complete 
| 184|0x000000008d400000, 0x000000008d500000, 0x000000008d500000|100%| E|CS|TAMS 0x000000008d400000, 0x000000008d400000| Complete 
| 185|0x000000008d500000, 0x000000008d600000, 0x000000008d600000|100%| E|CS|TAMS 0x000000008d500000, 0x000000008d500000| Complete 
| 186|0x000000008d600000, 0x000000008d700000, 0x000000008d700000|100%| E|CS|TAMS 0x000000008d600000, 0x000000008d600000| Complete 
| 187|0x000000008d700000, 0x000000008d800000, 0x000000008d800000|100%| E|CS|TAMS 0x000000008d700000, 0x000000008d700000| Complete 
| 188|0x000000008d800000, 0x000000008d900000, 0x000000008d900000|100%| E|CS|TAMS 0x000000008d800000, 0x000000008d800000| Complete 

Card table byte_map: [0x00000271e4750000,0x00000271e4b50000] _byte_map_base: 0x00000271e4342000

Marking Bits (Prev, Next): (CMBitMap*) 0x00000271d13e7dd0, (CMBitMap*) 0x00000271d13e7d98
 Prev Bits: [0x00000271e6ee0000, 0x00000271e8e70000)
 Next Bits: [0x00000271e4f50000, 0x00000271e6ee0000)

Polling page: 0x00000271cfb80000

Metaspace:

Usage:
  Non-class:     62.33 MB capacity,    61.87 MB (>99%) used,   358.08 KB ( <1%) free+waste,   110.25 KB ( <1%) overhead. 
      Class:      7.76 MB capacity,     7.49 MB ( 96%) used,   236.37 KB (  3%) free+waste,    45.56 KB ( <1%) overhead. 
       Both:     70.09 MB capacity,    69.36 MB ( 99%) used,   594.45 KB ( <1%) free+waste,   155.81 KB ( <1%) overhead. 

Virtual space:
  Non-class space:       64.00 MB reserved,      62.34 MB ( 97%) committed 
      Class space:        1.00 GB reserved,       7.82 MB ( <1%) committed 
             Both:        1.06 GB reserved,      70.16 MB (  6%) committed 

Chunk freelists:
   Non-Class:  18.00 KB
       Class:  20.00 KB
        Both:  38.00 KB

MaxMetaspaceSize: 17179869184.00 GB
CompressedClassSpaceSize: 1.00 GB

CodeHeap 'non-profiled nmethods': size=120064Kb used=5761Kb max_used=5761Kb free=114302Kb
 bounds [0x00000271dc7f0000, 0x00000271dcda0000, 0x00000271e3d30000]
CodeHeap 'profiled nmethods': size=120000Kb used=34318Kb max_used=34318Kb free=85681Kb
 bounds [0x00000271d52c0000, 0x00000271d7450000, 0x00000271dc7f0000]
CodeHeap 'non-nmethods': size=5696Kb used=1266Kb max_used=1300Kb free=4429Kb
 bounds [0x00000271d4d30000, 0x00000271d4fa0000, 0x00000271d52c0000]
 total_blobs=12280 nmethods=11640 adapters=547
 compilation: enabled
              stopped_count=0, restarted_count=0
 full_count=0

Compilation events (20 events):
Event: 10.701 Thread 0x00000271ebd0b000 11725       2       org.jetbrains.kotlin.psi2ir.intermediate.SimpleCallReceiver::call (24 bytes)
Event: 10.701 Thread 0x00000271ebd0b000 nmethod 11725 0x00000271d742f890 code [0x00000271d742faa0, 0x00000271d742fda8]
Event: 10.702 Thread 0x00000271ebf20000 nmethod 11526 0x00000271dcd8bc10 code [0x00000271dcd8be40, 0x00000271dcd8d178]
Event: 10.702 Thread 0x00000271ebd0b000 11726       2       org.jetbrains.kotlin.com.intellij.psi.impl.PsiElementBase::findChildrenByClass (69 bytes)
Event: 10.702 Thread 0x00000271ebf20000 11527       4       org.jetbrains.kotlin.backend.common.serialization.mangle.descriptor.DescriptorMangleComputer::visitClassDescriptor (58 bytes)
Event: 10.703 Thread 0x00000271ebd0b000 nmethod 11726 0x00000271d742ff90 code [0x00000271d74301e0, 0x00000271d74307e8]
Event: 10.705 Thread 0x00000271ebd0b000 11728       2       org.jetbrains.kotlin.backend.common.serialization.signature.IdSignatureDescriptor$DescriptorBasedSignatureBuilder::visitPropertyDescriptor (13 bytes)
Event: 10.705 Thread 0x00000271ebd0b000 nmethod 11728 0x00000271d7430b90 code [0x00000271d7430d40, 0x00000271d7430e88]
Event: 10.705 Thread 0x00000271ebd0b000 11729       2       org.jetbrains.kotlin.backend.common.serialization.signature.IdSignatureDescriptor$DescriptorBasedSignatureBuilder::visitPropertyDescriptor (71 bytes)
Event: 10.706 Thread 0x00000271ebd0b000 nmethod 11729 0x00000271d7430f90 code [0x00000271d74312c0, 0x00000271d7431c18]
Event: 10.706 Thread 0x00000271ebd0b000 11730       2       org.jetbrains.kotlin.backend.jvm.serialization.JvmIdSignatureDescriptor$JvmDescriptorBasedSignatureBuilder::platformSpecificProperty (23 bytes)
Event: 10.706 Thread 0x00000271ebd0b000 nmethod 11730 0x00000271d7432290 code [0x00000271d74324a0, 0x00000271d7432828]
Event: 10.706 Thread 0x00000271ebd0b000 11731       2       org.jetbrains.kotlin.psi.KtSuperTypeList::getEntries (14 bytes)
Event: 10.707 Thread 0x00000271ebd0b000 nmethod 11731 0x00000271d7432a90 code [0x00000271d7432c60, 0x00000271d7432ef8]
Event: 10.707 Thread 0x00000271ebd0b000 11732       2       org.jetbrains.kotlin.psi2ir.intermediate.CallBuilder::setCallReceiver (12 bytes)
Event: 10.707 Thread 0x00000271ebd0b000 nmethod 11732 0x00000271d7433010 code [0x00000271d7433200, 0x00000271d74334f8]
Event: 10.709 Thread 0x00000271ebd0b000 11733       2       org.jetbrains.kotlin.psi2ir.generators.ArgumentsGenerationUtilsKt::unwrapSpecialDescriptor (96 bytes)
Event: 10.710 Thread 0x00000271ebd0b000 nmethod 11733 0x00000271d7433710 code [0x00000271d7433900, 0x00000271d7433cb8]
Event: 10.710 Thread 0x00000271ebd0b000 11734       2       org.jetbrains.kotlin.psi2ir.intermediate.CallBuilder::getCallReceiver (18 bytes)
Event: 10.710 Thread 0x00000271ebd0b000 nmethod 11734 0x00000271d7433e90 code [0x00000271d74340c0, 0x00000271d7434458]

GC Heap History (20 events):
Event: 0.392 GC heap before
{Heap before GC invocations=0 (full 0):
 garbage-first heap   total 131072K, used 17408K [0x0000000081c00000, 0x0000000100000000)
  region size 1024K, 14 young (14336K), 0 survivors (0K)
 Metaspace       used 9748K, capacity 9871K, committed 10112K, reserved 1058816K
  class space    used 827K, capacity 884K, committed 896K, reserved 1048576K
}
Event: 0.395 GC heap after
{Heap after GC invocations=1 (full 0):
 garbage-first heap   total 131072K, used 5239K [0x0000000081c00000, 0x0000000100000000)
  region size 1024K, 2 young (2048K), 2 survivors (2048K)
 Metaspace       used 9748K, capacity 9871K, committed 10112K, reserved 1058816K
  class space    used 827K, capacity 884K, committed 896K, reserved 1048576K
}
Event: 1.149 GC heap before
{Heap before GC invocations=1 (full 0):
 garbage-first heap   total 131072K, used 52343K [0x0000000081c00000, 0x0000000100000000)
  region size 1024K, 49 young (50176K), 2 survivors (2048K)
 Metaspace       used 21012K, capacity 21203K, committed 21248K, reserved 1069056K
  class space    used 2215K, capacity 2299K, committed 2304K, reserved 1048576K
}
Event: 1.161 GC heap after
{Heap after GC invocations=2 (full 0):
 garbage-first heap   total 131072K, used 9531K [0x0000000081c00000, 0x0000000100000000)
  region size 1024K, 7 young (7168K), 7 survivors (7168K)
 Metaspace       used 21012K, capacity 21203K, committed 21248K, reserved 1069056K
  class space    used 2215K, capacity 2299K, committed 2304K, reserved 1048576K
}
Event: 1.934 GC heap before
{Heap before GC invocations=3 (full 0):
 garbage-first heap   total 131072K, used 68923K [0x0000000081c00000, 0x0000000100000000)
  region size 1024K, 55 young (56320K), 7 survivors (7168K)
 Metaspace       used 30480K, capacity 30931K, committed 31228K, reserved 1077248K
  class space    used 3588K, capacity 3744K, committed 3836K, reserved 1048576K
}
Event: 1.949 GC heap after
{Heap after GC invocations=4 (full 0):
 garbage-first heap   total 131072K, used 24747K [0x0000000081c00000, 0x0000000100000000)
  region size 1024K, 7 young (7168K), 7 survivors (7168K)
 Metaspace       used 30480K, capacity 30931K, committed 31228K, reserved 1077248K
  class space    used 3588K, capacity 3744K, committed 3836K, reserved 1048576K
}
Event: 2.336 GC heap before
{Heap before GC invocations=4 (full 0):
 garbage-first heap   total 131072K, used 50347K [0x0000000081c00000, 0x0000000100000000)
  region size 1024K, 31 young (31744K), 7 survivors (7168K)
 Metaspace       used 35486K, capacity 35921K, committed 36048K, reserved 1081344K
  class space    used 4143K, capacity 4296K, committed 4348K, reserved 1048576K
}
Event: 2.352 GC heap after
{Heap after GC invocations=5 (full 0):
 garbage-first heap   total 131072K, used 24576K [0x0000000081c00000, 0x0000000100000000)
  region size 1024K, 2 young (2048K), 2 survivors (2048K)
 Metaspace       used 35486K, capacity 35921K, committed 36048K, reserved 1081344K
  class space    used 4143K, capacity 4296K, committed 4348K, reserved 1048576K
}
Event: 3.528 GC heap before
{Heap before GC invocations=6 (full 0):
 garbage-first heap   total 131072K, used 79872K [0x0000000081c00000, 0x0000000100000000)
  region size 1024K, 54 young (55296K), 2 survivors (2048K)
 Metaspace       used 46892K, capacity 47481K, committed 47772K, reserved 1091584K
  class space    used 5515K, capacity 5728K, committed 5832K, reserved 1048576K
}
Event: 3.537 GC heap after
{Heap after GC invocations=7 (full 0):
 garbage-first heap   total 160768K, used 31490K [0x0000000081c00000, 0x0000000100000000)
  region size 1024K, 7 young (7168K), 7 survivors (7168K)
 Metaspace       used 46892K, capacity 47481K, committed 47772K, reserved 1091584K
  class space    used 5515K, capacity 5728K, committed 5832K, reserved 1048576K
}
Event: 4.458 GC heap before
{Heap before GC invocations=7 (full 0):
 garbage-first heap   total 160768K, used 93954K [0x0000000081c00000, 0x0000000100000000)
  region size 1024K, 67 young (68608K), 7 survivors (7168K)
 Metaspace       used 51654K, capacity 52297K, committed 52380K, reserved 1095680K
  class space    used 6035K, capacity 6303K, committed 6344K, reserved 1048576K
}
Event: 4.473 GC heap after
{Heap after GC invocations=8 (full 0):
 garbage-first heap   total 160768K, used 38652K [0x0000000081c00000, 0x0000000100000000)
  region size 1024K, 7 young (7168K), 7 survivors (7168K)
 Metaspace       used 51654K, capacity 52297K, committed 52380K, reserved 1095680K
  class space    used 6035K, capacity 6303K, committed 6344K, reserved 1048576K
}
Event: 5.738 GC heap before
{Heap before GC invocations=8 (full 0):
 garbage-first heap   total 160768K, used 103164K [0x0000000081c00000, 0x0000000100000000)
  region size 1024K, 70 young (71680K), 7 survivors (7168K)
 Metaspace       used 56376K, capacity 57006K, committed 57116K, reserved 1099776K
  class space    used 6434K, capacity 6688K, committed 6728K, reserved 1048576K
}
Event: 5.759 GC heap after
{Heap after GC invocations=9 (full 0):
 garbage-first heap   total 160768K, used 48832K [0x0000000081c00000, 0x0000000100000000)
  region size 1024K, 9 young (9216K), 9 survivors (9216K)
 Metaspace       used 56376K, capacity 57006K, committed 57116K, reserved 1099776K
  class space    used 6434K, capacity 6688K, committed 6728K, reserved 1048576K
}
Event: 6.753 GC heap before
{Heap before GC invocations=9 (full 0):
 garbage-first heap   total 160768K, used 99008K [0x0000000081c00000, 0x0000000100000000)
  region size 1024K, 59 young (60416K), 9 survivors (9216K)
 Metaspace       used 59845K, capacity 60492K, committed 60572K, reserved 1103872K
  class space    used 6767K, capacity 7037K, committed 7112K, reserved 1048576K
}
Event: 6.775 GC heap after
{Heap after GC invocations=10 (full 0):
 garbage-first heap   total 160768K, used 57298K [0x0000000081c00000, 0x0000000100000000)
  region size 1024K, 8 young (8192K), 8 survivors (8192K)
 Metaspace       used 59845K, capacity 60492K, committed 60572K, reserved 1103872K
  class space    used 6767K, capacity 7037K, committed 7112K, reserved 1048576K
}
Event: 8.835 GC heap before
{Heap before GC invocations=11 (full 0):
 garbage-first heap   total 160768K, used 112594K [0x0000000081c00000, 0x0000000100000000)
  region size 1024K, 62 young (63488K), 8 survivors (8192K)
 Metaspace       used 63075K, capacity 63881K, committed 63912K, reserved 1105920K
  class space    used 6929K, capacity 7215K, committed 7240K, reserved 1048576K
}
Event: 8.857 GC heap after
{Heap after GC invocations=12 (full 0):
 garbage-first heap   total 193536K, used 65024K [0x0000000081c00000, 0x0000000100000000)
  region size 1024K, 8 young (8192K), 8 survivors (8192K)
 Metaspace       used 63075K, capacity 63881K, committed 63912K, reserved 1105920K
  class space    used 6929K, capacity 7215K, committed 7240K, reserved 1048576K
}
Event: 10.363 GC heap before
{Heap before GC invocations=12 (full 0):
 garbage-first heap   total 193536K, used 130560K [0x0000000081c00000, 0x0000000100000000)
  region size 1024K, 72 young (73728K), 8 survivors (8192K)
 Metaspace       used 70475K, capacity 71226K, committed 71336K, reserved 1112064K
  class space    used 7620K, capacity 7916K, committed 8008K, reserved 1048576K
}
Event: 10.385 GC heap after
{Heap after GC invocations=13 (full 0):
 garbage-first heap   total 193536K, used 70365K [0x0000000081c00000, 0x0000000100000000)
  region size 1024K, 5 young (5120K), 5 survivors (5120K)
 Metaspace       used 70475K, capacity 71226K, committed 71336K, reserved 1112064K
  class space    used 7620K, capacity 7916K, committed 8008K, reserved 1048576K
}

Deoptimization events (20 events):
Event: 10.459 Thread 0x00000271d13a9800 DEOPT PACKING pc=0x00000271d71462f1 sp=0x000000ae3dffdf00
Event: 10.459 Thread 0x00000271d13a9800 DEOPT UNPACKING pc=0x00000271d4d572ce sp=0x000000ae3dffd388 mode 0
Event: 10.459 Thread 0x00000271d13a9800 DEOPT PACKING pc=0x00000271d71462f1 sp=0x000000ae3dffdf00
Event: 10.459 Thread 0x00000271d13a9800 DEOPT UNPACKING pc=0x00000271d4d572ce sp=0x000000ae3dffd388 mode 0
Event: 10.459 Thread 0x00000271d13a9800 DEOPT PACKING pc=0x00000271d71462f1 sp=0x000000ae3dffdf00
Event: 10.459 Thread 0x00000271d13a9800 DEOPT UNPACKING pc=0x00000271d4d572ce sp=0x000000ae3dffd388 mode 0
Event: 10.459 Thread 0x00000271d13a9800 DEOPT PACKING pc=0x00000271d71462f1 sp=0x000000ae3dffdf00
Event: 10.459 Thread 0x00000271d13a9800 DEOPT UNPACKING pc=0x00000271d4d572ce sp=0x000000ae3dffd388 mode 0
Event: 10.571 Thread 0x00000271d13a9800 Uncommon trap: trap_request=0xffffff4d fr.pc=0x00000271dc854718 relative=0x0000000000000258
Event: 10.571 Thread 0x00000271d13a9800 Uncommon trap: reason=unstable_if action=reinterpret pc=0x00000271dc854718 method=java.util.HashMap.hash(Ljava/lang/Object;)I @ 1 c2
Event: 10.571 Thread 0x00000271d13a9800 DEOPT PACKING pc=0x00000271dc854718 sp=0x000000ae3dffc480
Event: 10.571 Thread 0x00000271d13a9800 DEOPT UNPACKING pc=0x00000271d4d574af sp=0x000000ae3dffc3b8 mode 2
Event: 10.612 Thread 0x00000271d13a9800 Uncommon trap: trap_request=0xffffff6e fr.pc=0x00000271dcd774e8 relative=0x00000000000059e8
Event: 10.612 Thread 0x00000271d13a9800 Uncommon trap: reason=speculate_class_check action=maybe_recompile pc=0x00000271dcd774e8 method=org.jetbrains.kotlin.types.model.TypeSystemCommonSuperTypesContext$DefaultImpls.typeDepth(Lorg/jetbrains/kotlin/types/model/TypeSystemCommonSuperTypesContext;L
Event: 10.612 Thread 0x00000271d13a9800 DEOPT PACKING pc=0x00000271dcd774e8 sp=0x000000ae3dffd7c0
Event: 10.612 Thread 0x00000271d13a9800 DEOPT UNPACKING pc=0x00000271d4d574af sp=0x000000ae3dffd4f0 mode 2
Event: 10.679 Thread 0x00000271d13a9800 Uncommon trap: trap_request=0xffffff6e fr.pc=0x00000271dcd77478 relative=0x0000000000005978
Event: 10.679 Thread 0x00000271d13a9800 Uncommon trap: reason=speculate_class_check action=maybe_recompile pc=0x00000271dcd77478 method=org.jetbrains.kotlin.types.model.TypeSystemCommonSuperTypesContext$DefaultImpls.typeDepth(Lorg/jetbrains/kotlin/types/model/TypeSystemCommonSuperTypesContext;L
Event: 10.679 Thread 0x00000271d13a9800 DEOPT PACKING pc=0x00000271dcd77478 sp=0x000000ae3dffcef0
Event: 10.679 Thread 0x00000271d13a9800 DEOPT UNPACKING pc=0x00000271d4d574af sp=0x000000ae3dffcc20 mode 2

Classes redefined (0 events):
No events

Internal exceptions (20 events):
Event: 5.572 Thread 0x00000271d13a9800 Exception <a 'java/lang/NoSuchMethodError'{0x0000000088365960}: 'java.lang.Object java.lang.invoke.DirectMethodHandle$Holder.invokeStatic(java.lang.Object, int, java.lang.Object, java.lang.Object)'> (0x0000000088365960) thrown at [./src/hotspot/share/interpreter/linkResolver.cpp, line 773]
Event: 5.573 Thread 0x00000271d13a9800 Exception <a 'java/lang/NoSuchMethodError'{0x000000008836fe40}: 'int java.lang.invoke.DirectMethodHandle$Holder.invokeInterface(java.lang.Object, java.lang.Object)'> (0x000000008836fe40) thrown at [./src/hotspot/share/interpreter/linkResolver.cpp, line 773]
Event: 5.650 Thread 0x00000271d13a9800 Exception <a 'java/lang/NoSuchMethodError'{0x0000000087d06550}: 'int java.lang.invoke.DirectMethodHandle$Holder.invokeStaticInit(java.lang.Object, int)'> (0x0000000087d06550) thrown at [./src/hotspot/share/interpreter/linkResolver.cpp, line 773]
Event: 5.676 Thread 0x00000271d13a9800 Implicit null exception at 0x00000271dca9ae7f to 0x00000271dca9c174
Event: 5.989 Thread 0x00000271d13a9800 Implicit null exception at 0x00000271dc94d5be to 0x00000271dc94e8b0
Event: 6.048 Thread 0x00000271d13a9800 Exception <a 'java/lang/NoSuchMethodError'{0x000000008a23dd78}: 'java.lang.Object java.lang.invoke.Invokers$Holder.linkToTargetMethod(java.lang.Object, java.lang.Object, java.lang.Object, int, int, java.lang.Object)'> (0x000000008a23dd78) thrown at [./src/hotspot/share/interpreter/linkResolver.cpp, line 773]
Event: 6.168 Thread 0x00000271d13a9800 Implicit null exception at 0x00000271dc84dfde to 0x00000271dc84e74a
Event: 6.168 Thread 0x00000271d13a9800 Implicit null exception at 0x00000271dc84d82f to 0x00000271dc84d89d
Event: 6.222 Thread 0x00000271d13a9800 Exception <a 'java/lang/NoSuchMethodError'{0x0000000089ca9bf8}: 'java.lang.Object java.lang.invoke.DirectMethodHandle$Holder.invokeInterface(java.lang.Object, java.lang.Object, java.lang.Object)'> (0x0000000089ca9bf8) thrown at [./src/hotspot/share/interpreter/linkResolver.cpp, line 773]
Event: 6.276 Thread 0x00000271d13a9800 Exception <a 'java/lang/IncompatibleClassChangeError'{0x00000000898ba150}: Found class java.lang.Object, but interface was expected> (0x00000000898ba150) thrown at [./src/hotspot/share/interpreter/linkResolver.cpp, line 839]
Event: 6.573 Thread 0x00000271d13a9800 Implicit null exception at 0x00000271dc865ef4 to 0x00000271dc86697c
Event: 6.584 Thread 0x00000271d13a9800 Implicit null exception at 0x00000271dc8097f7 to 0x00000271dc809cec
Event: 6.644 Thread 0x00000271d13a9800 Implicit null exception at 0x00000271dc80a2f4 to 0x00000271dc80a800
Event: 6.713 Thread 0x00000271d13a9800 Implicit null exception at 0x00000271dcb4c0af to 0x00000271dcb4c1e8
Event: 6.745 Thread 0x00000271d13a9800 Implicit null exception at 0x00000271dc848675 to 0x00000271dc84883c
Event: 7.372 Thread 0x00000271d13a9800 Exception <a 'java/lang/NoSuchMethodError'{0x000000008aec7b80}: 'java.lang.Object java.lang.invoke.Invokers$Holder.linkToTargetMethod(java.lang.Object, java.lang.Object, java.lang.Object, java.lang.Object, java.lang.Object, java.lang.Object, java.lang.Object)'> (0x000000008aec7b80) thrown at [./src/hotspot/share/interpreter/linkResolver.cpp, line 773]
Event: 8.246 Thread 0x00000271d13a9800 Implicit null exception at 0x00000271dcc346cc to 0x00000271dcc36738
Event: 9.569 Thread 0x00000271d13a9800 Implicit null exception at 0x00000271dca92cfc to 0x00000271dca92fe8
Event: 9.789 Thread 0x00000271d13a9800 Implicit null exception at 0x00000271dc9e6852 to 0x00000271dc9e6b0f
Event: 10.571 Thread 0x00000271d13a9800 Implicit null exception at 0x00000271dc8544f4 to 0x00000271dc85470c

Events (20 events):
Event: 10.673 loading class org/jetbrains/kotlin/psi2ir/generators/DelegatedPropertyGenerator$generateDelegateFieldForProperty$1$1
Event: 10.673 loading class org/jetbrains/kotlin/psi2ir/generators/DelegatedPropertyGenerator$generateDelegateFieldForProperty$1$1 done
Event: 10.676 loading class org/jetbrains/kotlin/psi2ir/generators/DelegatedPropertyGenerator$createBackingFieldValueForDelegate$1
Event: 10.676 loading class org/jetbrains/kotlin/psi2ir/generators/DelegatedPropertyGenerator$createBackingFieldValueForDelegate$1 done
Event: 10.677 loading class org/jetbrains/kotlin/psi2ir/generators/DelegatedPropertyGenerator$createThisValueForDelegate$lambda-7$$inlined$generateExpressionValue$1
Event: 10.677 loading class org/jetbrains/kotlin/psi2ir/generators/DelegatedPropertyGenerator$createThisValueForDelegate$lambda-7$$inlined$generateExpressionValue$1 done
Event: 10.677 loading class org/jetbrains/kotlin/psi2ir/intermediate/BackingFieldLValue
Event: 10.677 loading class org/jetbrains/kotlin/psi2ir/intermediate/BackingFieldLValue done
Event: 10.677 loading class org/jetbrains/kotlin/ir/declarations/IrDeclarationOrigin$DELEGATED_PROPERTY_ACCESSOR
Event: 10.677 loading class org/jetbrains/kotlin/ir/declarations/IrDeclarationOrigin$DELEGATED_PROPERTY_ACCESSOR done
Event: 10.678 loading class org/jetbrains/kotlin/ir/expressions/IrStatementOrigin$PROPERTY_REFERENCE_FOR_DELEGATE
Event: 10.678 loading class org/jetbrains/kotlin/ir/expressions/IrStatementOrigin$PROPERTY_REFERENCE_FOR_DELEGATE done
Event: 10.678 loading class org/jetbrains/kotlin/psi2ir/generators/ReflectionReferencesGenerator$DelegatedPropertySymbols
Event: 10.678 loading class org/jetbrains/kotlin/psi2ir/generators/ReflectionReferencesGenerator$DelegatedPropertySymbols done
Event: 10.678 loading class org/jetbrains/kotlin/ir/expressions/impl/IrPropertyReferenceImpl
Event: 10.678 loading class org/jetbrains/kotlin/ir/expressions/impl/IrPropertyReferenceImpl done
Event: 10.678 loading class org/jetbrains/kotlin/ir/expressions/IrPropertyReference
Event: 10.678 loading class org/jetbrains/kotlin/ir/expressions/IrPropertyReference done
Event: 10.678 loading class org/jetbrains/kotlin/ir/expressions/IrCallableReference
Event: 10.678 loading class org/jetbrains/kotlin/ir/expressions/IrCallableReference done


Dynamic libraries:
0x00007ff7d0c70000 - 0x00007ff7d0c7a000 	C:\Program Files\Android\Android Studio\jre\bin\java.exe
0x00007ffeae930000 - 0x00007ffeaeb25000 	C:\WINDOWS\SYSTEM32\ntdll.dll
0x00007ffeacde0000 - 0x00007ffeace9d000 	C:\WINDOWS\System32\KERNEL32.DLL
0x00007ffeac260000 - 0x00007ffeac529000 	C:\WINDOWS\System32\KERNELBASE.dll
0x00007ffeac160000 - 0x00007ffeac260000 	C:\WINDOWS\System32\ucrtbase.dll
0x00007ffea1a80000 - 0x00007ffea1a97000 	C:\Program Files\Android\Android Studio\jre\bin\VCRUNTIME140.dll
0x00007ffea1aa0000 - 0x00007ffea1ab9000 	C:\Program Files\Android\Android Studio\jre\bin\jli.dll
0x00007ffeacc40000 - 0x00007ffeacde0000 	C:\WINDOWS\System32\USER32.dll
0x00007ffeac090000 - 0x00007ffeac0b2000 	C:\WINDOWS\System32\win32u.dll
0x00007ffe984f0000 - 0x00007ffe9878a000 	C:\WINDOWS\WinSxS\amd64_microsoft.windows.common-controls_6595b64144ccf1df_6.0.19041.1110_none_60b5254171f9507e\COMCTL32.dll
0x00007ffeae0f0000 - 0x00007ffeae11a000 	C:\WINDOWS\System32\GDI32.dll
0x00007ffeadf20000 - 0x00007ffeadfbe000 	C:\WINDOWS\System32\msvcrt.dll
0x00007ffeac880000 - 0x00007ffeac98b000 	C:\WINDOWS\System32\gdi32full.dll
0x00007ffeac0c0000 - 0x00007ffeac15d000 	C:\WINDOWS\System32\msvcp_win.dll
0x00007ffeaca60000 - 0x00007ffeaca90000 	C:\WINDOWS\System32\IMM32.DLL
0x00007ffe85b80000 - 0x00007ffe85c1d000 	C:\Program Files\Android\Android Studio\jre\bin\msvcp140.dll
0x00007ffe80ba0000 - 0x00007ffe8165c000 	C:\Program Files\Android\Android Studio\jre\bin\server\jvm.dll
0x00007ffeaceb0000 - 0x00007ffeacf5c000 	C:\WINDOWS\System32\ADVAPI32.dll
0x00007ffead1a0000 - 0x00007ffead23b000 	C:\WINDOWS\System32\sechost.dll
0x00007ffeae270000 - 0x00007ffeae39a000 	C:\WINDOWS\System32\RPCRT4.dll
0x00007ffead100000 - 0x00007ffead108000 	C:\WINDOWS\System32\PSAPI.DLL
0x00007ffea6f60000 - 0x00007ffea6f69000 	C:\WINDOWS\SYSTEM32\WSOCK32.dll
0x00007ffe91940000 - 0x00007ffe91967000 	C:\WINDOWS\SYSTEM32\WINMM.dll
0x00007ffeae200000 - 0x00007ffeae26b000 	C:\WINDOWS\System32\WS2_32.dll
0x00007ffea7070000 - 0x00007ffea707a000 	C:\WINDOWS\SYSTEM32\VERSION.dll
0x00007ffea9f70000 - 0x00007ffea9f82000 	C:\WINDOWS\SYSTEM32\kernel.appcore.dll
0x00007ffe94300000 - 0x00007ffe94311000 	C:\Program Files\Android\Android Studio\jre\bin\verify.dll
0x00007ffea5940000 - 0x00007ffea5b24000 	C:\WINDOWS\SYSTEM32\DBGHELP.DLL
0x00007ffea5200000 - 0x00007ffea522c000 	C:\WINDOWS\SYSTEM32\dbgcore.DLL
0x00007ffeac740000 - 0x00007ffeac7c3000 	C:\WINDOWS\System32\bcryptPrimitives.dll
0x00007ffe942d0000 - 0x00007ffe942f9000 	C:\Program Files\Android\Android Studio\jre\bin\java.dll
0x00007ffea1ce0000 - 0x00007ffea1ceb000 	C:\Program Files\Android\Android Studio\jre\bin\jimage.dll
0x00007ffe942b0000 - 0x00007ffe942c8000 	C:\Program Files\Android\Android Studio\jre\bin\zip.dll
0x00007ffead5a0000 - 0x00007ffeadcdf000 	C:\WINDOWS\System32\SHELL32.dll
0x00007ffeaa170000 - 0x00007ffeaa900000 	C:\WINDOWS\SYSTEM32\windows.storage.dll
0x00007ffead240000 - 0x00007ffead595000 	C:\WINDOWS\System32\combase.dll
0x00007ffeabac0000 - 0x00007ffeabaec000 	C:\WINDOWS\SYSTEM32\Wldp.dll
0x00007ffeacfc0000 - 0x00007ffead06e000 	C:\WINDOWS\System32\SHCORE.dll
0x00007ffeadec0000 - 0x00007ffeadf15000 	C:\WINDOWS\System32\shlwapi.dll
0x00007ffeabfa0000 - 0x00007ffeabfbf000 	C:\WINDOWS\SYSTEM32\profapi.dll
0x00007ffe8e000000 - 0x00007ffe8e01a000 	C:\Program Files\Android\Android Studio\jre\bin\net.dll
0x00007ffea2e00000 - 0x00007ffea2f08000 	C:\WINDOWS\SYSTEM32\WINHTTP.dll
0x00007ffeab820000 - 0x00007ffeab88a000 	C:\WINDOWS\system32\mswsock.dll
0x00007ffe8dfe0000 - 0x00007ffe8dff4000 	C:\Program Files\Android\Android Studio\jre\bin\nio.dll

dbghelp: loaded successfully - version: 4.0.5 - missing functions: none
symbol engine: initialized successfully - sym options: 0x614 - pdb path: .;C:\Program Files\Android\Android Studio\jre\bin;C:\WINDOWS\SYSTEM32;C:\WINDOWS\WinSxS\amd64_microsoft.windows.common-controls_6595b64144ccf1df_6.0.19041.1110_none_60b5254171f9507e;C:\Program Files\Android\Android Studio\jre\bin\server

VM Arguments:
java_command: org.jetbrains.kotlin.cli.jvm.K2JVMCompiler @D:\Kotlin\BaoMoiVMO\app\build\20210819_13780621696171907545.compiler.options
java_class_path (initial): C:\Users\AnhTuNguyen\.gradle\caches\modules-2\files-2.1\org.jetbrains.kotlin\kotlin-compiler-embeddable\1.5.21\40ddbcae9ff100473f95370c2d589ba3fc48eed5\kotlin-compiler-embeddable-1.5.21.jar;C:\Users\AnhTuNguyen\.gradle\caches\modules-2\files-2.1\org.jetbrains.kotlin\kotlin-reflect\1.5.21\802f1f39735ae1eb2b75714a40fa19bb2e687e96\kotlin-reflect-1.5.21.jar;C:\Users\AnhTuNguyen\.gradle\caches\modules-2\files-2.1\org.jetbrains.kotlin\kotlin-stdlib\1.5.21\2f537cad7e9eeb9da73738c8812e1e4cf9b62e4e\kotlin-stdlib-1.5.21.jar;C:\Users\AnhTuNguyen\.gradle\caches\modules-2\files-2.1\org.jetbrains.kotlin\kotlin-script-runtime\1.5.21\96d49e89873fde985750af354b6eabb60cfa999b\kotlin-script-runtime-1.5.21.jar;C:\Users\AnhTuNguyen\.gradle\caches\modules-2\files-2.1\org.jetbrains.kotlin\kotlin-daemon-embeddable\1.5.21\17255809e66a940dfdf6289bccbdfb5a09f3145\kotlin-daemon-embeddable-1.5.21.jar;C:\Users\AnhTuNguyen\.gradle\caches\modules-2\files-2.1\org.jetbrains.intellij.deps\trove4j\1.0.20181211\216c2e14b070f334479d800987affe4054cd563f\trove4j-1.0.20181211.jar;C:\Users\AnhTuNguyen\.gradle\caches\modules-2\files-2.1\org.jetbrains\annotations\13.0\919f0dfe192fb4e063e7dacadee7f8bb9a2672a9\annotations-13.0.jar;C:\Users\AnhTuNguyen\.gradle\caches\modules-2\files-2.1\org.jetbrains.kotlin\kotlin-stdlib-common\1.5.21\cc8bf3586fd2ebcf234058b9440bb406e62dfacb\kotlin-stdlib-common-1.5.21.jar
Launcher Type: SUN_STANDARD

[Global flags]
     intx CICompilerCount                          = 3                                         {product} {ergonomic}
     uint ConcGCThreads                            = 1                                         {product} {ergonomic}
     uint G1ConcRefinementThreads                  = 4                                         {product} {ergonomic}
   size_t G1HeapRegionSize                         = 1048576                                   {product} {ergonomic}
    uintx GCDrainStackTargetSize                   = 64                                        {product} {ergonomic}
   size_t InitialHeapSize                          = 134217728                                 {product} {ergonomic}
   size_t MarkStackSize                            = 4194304                                   {product} {ergonomic}
   size_t MaxHeapSize                              = 2118123520                                {product} {ergonomic}
   size_t MaxNewSize                               = 1270874112                                {product} {ergonomic}
   size_t MinHeapDeltaBytes                        = 1048576                                   {product} {ergonomic}
    uintx NonNMethodCodeHeapSize                   = 5830732                                {pd product} {ergonomic}
    uintx NonProfiledCodeHeapSize                  = 122913754                              {pd product} {ergonomic}
    uintx ProfiledCodeHeapSize                     = 122913754                              {pd product} {ergonomic}
    uintx ReservedCodeCacheSize                    = 251658240                              {pd product} {ergonomic}
     bool SegmentedCodeCache                       = true                                      {product} {ergonomic}
     bool UseCompressedClassPointers               = true                                 {lp64_product} {ergonomic}
     bool UseCompressedOops                        = true                                 {lp64_product} {ergonomic}
     bool UseG1GC                                  = true                                      {product} {ergonomic}
     bool UseLargePagesIndividualAllocation        = false                                  {pd product} {ergonomic}

Logging:
Log output configuration:
 #0: stdout all=warning uptime,level,tags
 #1: stderr all=off uptime,level,tags

Environment Variables:
PATH=C:\Program Files (x86)\Common Files\Oracle\Java\javapath;C:\WINDOWS\system32;C:\WINDOWS;C:\WINDOWS\System32\Wbem;C:\WINDOWS\System32\WindowsPowerShell\v1.0\;C:\WINDOWS\System32\OpenSSH\;C:\Program Files\Git\cmd;C:\Users\AnhTuNguyen\AppData\Local\Microsoft\WindowsApps;
USERNAME=AnhTuNguyen
OS=Windows_NT
PROCESSOR_IDENTIFIER=Intel64 Family 6 Model 158 Stepping 9, GenuineIntel



---------------  S Y S T E M  ---------------

OS: Windows 10 , 64 bit Build 19041 (10.0.19041.1151)
OS uptime: 6 days 10:22 hours

CPU:total 4 (initial active 4) (4 cores per cpu, 1 threads per core) family 6 model 158 stepping 9, cmov, cx8, fxsr, mmx, sse, sse2, sse3, ssse3, sse4.1, sse4.2, popcnt, avx, avx2, aes, clmul, erms, 3dnowpref, lzcnt, tsc, tscinvbit, bmi1, bmi2, adx, fma

Memory: 4k page, system-wide physical 8075M (1454M free)
TotalPageFile size 23257M (AvailPageFile size 5M)
current process WorkingSet (physical memory assigned to process): 402M, peak: 403M
current process commit charge ("private bytes"): 437M, peak: 438M

vm_info: OpenJDK 64-Bit Server VM (11.0.8+10-b944.6842174) for windows-amd64 JRE (11.0.8+10-b944.6842174), built on Sep 19 2020 01:11:42 by "builder" with MS VC++ 14.0 (VS2015)

END.
